[06-Mar-2023 16:13:37 UTC] PHP Warning:  require_once(src/pdo/config.inc.php): Failed to open stream: No such file or directory in C:\Users\franc\PhpstormProjects\E-commerce\src\Registrati.php on line 2
[06-Mar-2023 16:13:37 UTC] PHP Stack trace:
[06-Mar-2023 16:13:37 UTC] PHP   1. {main}() C:\Users\franc\PhpstormProjects\E-commerce\src\Registrati.php:0
[06-Mar-2023 16:13:37 UTC] PHP Fatal error:  Uncaught Error: Failed opening required 'src/pdo/config.inc.php' (include_path='.;C:\php\pear') in C:\Users\franc\PhpstormProjects\E-commerce\src\Registrati.php:2
Stack trace:
#0 {main}
  thrown in C:\Users\franc\PhpstormProjects\E-commerce\src\Registrati.php on line 2
[06-Mar-2023 16:15:03 UTC] PHP Warning:  require_once(src/Services/ImageService.php): Failed to open stream: No such file or directory in C:\Users\franc\PhpstormProjects\E-commerce\src\pdo\Helper.inc.php on line 82
[06-Mar-2023 16:15:03 UTC] PHP Stack trace:
[06-Mar-2023 16:15:03 UTC] PHP   1. {main}() C:\Users\franc\PhpstormProjects\E-commerce\src\Registrati.php:0
[06-Mar-2023 16:15:03 UTC] PHP   2. require_once() C:\Users\franc\PhpstormProjects\E-commerce\src\Registrati.php:3
[06-Mar-2023 16:15:03 UTC] PHP Fatal error:  Uncaught Error: Failed opening required 'src/Services/ImageService.php' (include_path='.;C:\php\pear') in C:\Users\franc\PhpstormProjects\E-commerce\src\pdo\Helper.inc.php:82
Stack trace:
#0 C:\Users\franc\PhpstormProjects\E-commerce\src\Registrati.php(3): require_once()
#1 {main}
  thrown in C:\Users\franc\PhpstormProjects\E-commerce\src\pdo\Helper.inc.php on line 82
[06-Mar-2023 16:15:44 UTC] PHP Warning:  require_once(src/Services/imageService.php): Failed to open stream: No such file or directory in C:\Users\franc\PhpstormProjects\E-commerce\src\pdo\Helper.inc.php on line 82
[06-Mar-2023 16:15:44 UTC] PHP Stack trace:
[06-Mar-2023 16:15:44 UTC] PHP   1. {main}() C:\Users\franc\PhpstormProjects\E-commerce\src\Registrati.php:0
[06-Mar-2023 16:15:44 UTC] PHP   2. require_once() C:\Users\franc\PhpstormProjects\E-commerce\src\Registrati.php:3
[06-Mar-2023 16:15:44 UTC] PHP Fatal error:  Uncaught Error: Failed opening required 'src/Services/imageService.php' (include_path='.;C:\php\pear') in C:\Users\franc\PhpstormProjects\E-commerce\src\pdo\Helper.inc.php:82
Stack trace:
#0 C:\Users\franc\PhpstormProjects\E-commerce\src\Registrati.php(3): require_once()
#1 {main}
  thrown in C:\Users\franc\PhpstormProjects\E-commerce\src\pdo\Helper.inc.php on line 82
[06-Mar-2023 16:15:45 UTC] PHP Warning:  require_once(src/Services/imageService.php): Failed to open stream: No such file or directory in C:\Users\franc\PhpstormProjects\E-commerce\src\pdo\Helper.inc.php on line 82
[06-Mar-2023 16:15:45 UTC] PHP Stack trace:
[06-Mar-2023 16:15:45 UTC] PHP   1. {main}() C:\Users\franc\PhpstormProjects\E-commerce\src\Registrati.php:0
[06-Mar-2023 16:15:45 UTC] PHP   2. require_once() C:\Users\franc\PhpstormProjects\E-commerce\src\Registrati.php:3
[06-Mar-2023 16:15:45 UTC] PHP Fatal error:  Uncaught Error: Failed opening required 'src/Services/imageService.php' (include_path='.;C:\php\pear') in C:\Users\franc\PhpstormProjects\E-commerce\src\pdo\Helper.inc.php:82
Stack trace:
#0 C:\Users\franc\PhpstormProjects\E-commerce\src\Registrati.php(3): require_once()
#1 {main}
  thrown in C:\Users\franc\PhpstormProjects\E-commerce\src\pdo\Helper.inc.php on line 82
[06-Mar-2023 16:16:31 UTC] PHP Fatal error:  Uncaught Error: Call to undefined function startSession() in C:\Users\franc\PhpstormProjects\E-commerce\src\pdo\Helper.inc.php:84
Stack trace:
#0 C:\Users\franc\PhpstormProjects\E-commerce\src\Registrati.php(3): require_once()
#1 {main}
  thrown in C:\Users\franc\PhpstormProjects\E-commerce\src\pdo\Helper.inc.php on line 84
[06-Mar-2023 16:17:17 UTC] PHP Parse error:  Unterminated comment starting line 82 in C:\Users\franc\PhpstormProjects\E-commerce\src\pdo\Helper.inc.php on line 82
[06-Mar-2023 16:22:28 UTC] PHP Fatal error:  Uncaught Error: Call to undefined function getPageHeader() in C:\Users\franc\PhpstormProjects\E-commerce\src\create.php:171
Stack trace:
#0 {main}
  thrown in C:\Users\franc\PhpstormProjects\E-commerce\src\create.php on line 171
[06-Mar-2023 16:23:27 UTC] PHP Fatal error:  Uncaught Error: Class "ImageDto" not found in C:\Users\franc\PhpstormProjects\E-commerce\src\create.php:46
Stack trace:
#0 C:\Users\franc\PhpstormProjects\E-commerce\src\create.php(19): uploadImage(Array)
#1 {main}
  thrown in C:\Users\franc\PhpstormProjects\E-commerce\src\create.php on line 46
[06-Mar-2023 16:25:45 UTC] PHP Warning:  require_once(src/Services/imageService.php): Failed to open stream: No such file or directory in C:\Users\franc\PhpstormProjects\E-commerce\src\create.php on line 11
[06-Mar-2023 16:25:45 UTC] PHP Stack trace:
[06-Mar-2023 16:25:45 UTC] PHP   1. {main}() C:\Users\franc\PhpstormProjects\E-commerce\src\create.php:0
[06-Mar-2023 16:25:45 UTC] PHP Fatal error:  Uncaught Error: Failed opening required 'src/Services/imageService.php' (include_path='.;C:\php\pear') in C:\Users\franc\PhpstormProjects\E-commerce\src\create.php:11
Stack trace:
#0 {main}
  thrown in C:\Users\franc\PhpstormProjects\E-commerce\src\create.php on line 11
[06-Mar-2023 16:25:45 UTC] PHP Warning:  require_once(src/Services/imageService.php): Failed to open stream: No such file or directory in C:\Users\franc\PhpstormProjects\E-commerce\src\create.php on line 11
[06-Mar-2023 16:25:45 UTC] PHP Stack trace:
[06-Mar-2023 16:25:45 UTC] PHP   1. {main}() C:\Users\franc\PhpstormProjects\E-commerce\src\create.php:0
[06-Mar-2023 16:25:45 UTC] PHP Fatal error:  Uncaught Error: Failed opening required 'src/Services/imageService.php' (include_path='.;C:\php\pear') in C:\Users\franc\PhpstormProjects\E-commerce\src\create.php:11
Stack trace:
#0 {main}
  thrown in C:\Users\franc\PhpstormProjects\E-commerce\src\create.php on line 11
[06-Mar-2023 16:26:05 UTC] PHP Warning:  Undefined global variable $_SESSION in C:\Users\franc\PhpstormProjects\E-commerce\src\pdo\Helper.inc.php on line 29
[06-Mar-2023 16:26:05 UTC] PHP Stack trace:
[06-Mar-2023 16:26:05 UTC] PHP   1. {main}() C:\Users\franc\PhpstormProjects\E-commerce\src\create.php:0
[06-Mar-2023 16:26:05 UTC] PHP   2. getLog() C:\Users\franc\PhpstormProjects\E-commerce\src\create.php:198
[06-Mar-2023 16:26:05 UTC] PHP Fatal error:  Uncaught TypeError: array_key_exists(): Argument #2 ($array) must be of type array, null given in C:\Users\franc\PhpstormProjects\E-commerce\src\pdo\Helper.inc.php:29
Stack trace:
#0 C:\Users\franc\PhpstormProjects\E-commerce\src\create.php(198): getLog()
#1 {main}
  thrown in C:\Users\franc\PhpstormProjects\E-commerce\src\pdo\Helper.inc.php on line 29
[06-Mar-2023 16:28:38 UTC] PHP Warning:  require_once(src/pdo/config.inc.php): Failed to open stream: No such file or directory in C:\Users\franc\PhpstormProjects\E-commerce\src\list.php on line 3
[06-Mar-2023 16:28:38 UTC] PHP Stack trace:
[06-Mar-2023 16:28:38 UTC] PHP   1. {main}() C:\Users\franc\PhpstormProjects\E-commerce\src\list.php:0
[06-Mar-2023 16:28:38 UTC] PHP Fatal error:  Uncaught Error: Failed opening required 'src/pdo/config.inc.php' (include_path='.;C:\php\pear') in C:\Users\franc\PhpstormProjects\E-commerce\src\list.php:3
Stack trace:
#0 {main}
  thrown in C:\Users\franc\PhpstormProjects\E-commerce\src\list.php on line 3
[06-Mar-2023 16:29:01 UTC] PHP Fatal error:  Cannot redeclare getContacts() (previously declared in C:\Users\franc\PhpstormProjects\E-commerce\src\mysqli\mysqli.php:152) in C:\Users\franc\PhpstormProjects\E-commerce\src\mysqli\query.php on line 3
[06-Mar-2023 16:29:01 UTC] PHP Stack trace:
[06-Mar-2023 16:29:01 UTC] PHP   1. {main}() C:\Users\franc\PhpstormProjects\E-commerce\src\list.php:0
[07-Mar-2023 13:47:00 UTC] PHP Parse error:  syntax error, unexpected token "endif", expecting end of file in C:\Users\franc\PhpstormProjects\E-commerce\src\list.php on line 72
[07-Mar-2023 13:49:30 UTC] PHP Warning:  Undefined variable $counter in C:\Users\franc\PhpstormProjects\E-commerce\src\list.php on line 70
[07-Mar-2023 13:49:30 UTC] PHP Stack trace:
[07-Mar-2023 13:49:30 UTC] PHP   1. {main}() C:\Users\franc\PhpstormProjects\E-commerce\src\list.php:0
[07-Mar-2023 13:49:52 UTC] PHP Warning:  Undefined variable $counter in C:\Users\franc\PhpstormProjects\E-commerce\src\list.php on line 70
[07-Mar-2023 13:49:52 UTC] PHP Stack trace:
[07-Mar-2023 13:49:52 UTC] PHP   1. {main}() C:\Users\franc\PhpstormProjects\E-commerce\src\list.php:0
[07-Mar-2023 13:49:53 UTC] PHP Warning:  Undefined variable $counter in C:\Users\franc\PhpstormProjects\E-commerce\src\list.php on line 70
[07-Mar-2023 13:49:53 UTC] PHP Stack trace:
[07-Mar-2023 13:49:53 UTC] PHP   1. {main}() C:\Users\franc\PhpstormProjects\E-commerce\src\list.php:0
[08-Mar-2023 15:08:54 UTC] PHP Fatal error:  Uncaught Error: Undefined constant "HEADER" in C:\Users\franc\PhpstormProjects\E-commerce\src\pdo\Helper.inc.php:57
Stack trace:
#0 C:\Users\franc\PhpstormProjects\E-commerce\src\list.php(19): getPageHeader('Contacts | List')
#1 {main}
  thrown in C:\Users\franc\PhpstormProjects\E-commerce\src\pdo\Helper.inc.php on line 57
[08-Mar-2023 15:22:56 UTC] PHP Warning:  require_once(inc/config.inc.php): Failed to open stream: No such file or directory in C:\Users\franc\PhpstormProjects\E-commerce\src\provalist.php on line 3
[08-Mar-2023 15:22:56 UTC] PHP Stack trace:
[08-Mar-2023 15:22:56 UTC] PHP   1. {main}() C:\Users\franc\PhpstormProjects\E-commerce\src\provalist.php:0
[08-Mar-2023 15:22:56 UTC] PHP Fatal error:  Uncaught Error: Failed opening required 'inc/config.inc.php' (include_path='.;C:\php\pear') in C:\Users\franc\PhpstormProjects\E-commerce\src\provalist.php:3
Stack trace:
#0 {main}
  thrown in C:\Users\franc\PhpstormProjects\E-commerce\src\provalist.php on line 3
[08-Mar-2023 15:23:27 UTC] PHP Warning:  require_once(inc/config.inc.php): Failed to open stream: No such file or directory in C:\Users\franc\PhpstormProjects\E-commerce\src\provalist.php on line 3
[08-Mar-2023 15:23:27 UTC] PHP Stack trace:
[08-Mar-2023 15:23:27 UTC] PHP   1. {main}() C:\Users\franc\PhpstormProjects\E-commerce\src\provalist.php:0
[08-Mar-2023 15:23:27 UTC] PHP Fatal error:  Uncaught Error: Failed opening required 'inc/config.inc.php' (include_path='.;C:\php\pear') in C:\Users\franc\PhpstormProjects\E-commerce\src\provalist.php:3
Stack trace:
#0 {main}
  thrown in C:\Users\franc\PhpstormProjects\E-commerce\src\provalist.php on line 3
[08-Mar-2023 15:23:27 UTC] PHP Warning:  require_once(inc/config.inc.php): Failed to open stream: No such file or directory in C:\Users\franc\PhpstormProjects\E-commerce\src\provalist.php on line 3
[08-Mar-2023 15:23:27 UTC] PHP Stack trace:
[08-Mar-2023 15:23:27 UTC] PHP   1. {main}() C:\Users\franc\PhpstormProjects\E-commerce\src\provalist.php:0
[08-Mar-2023 15:23:27 UTC] PHP Fatal error:  Uncaught Error: Failed opening required 'inc/config.inc.php' (include_path='.;C:\php\pear') in C:\Users\franc\PhpstormProjects\E-commerce\src\provalist.php:3
Stack trace:
#0 {main}
  thrown in C:\Users\franc\PhpstormProjects\E-commerce\src\provalist.php on line 3
[08-Mar-2023 15:57:21 UTC] PHP Warning:  Undefined global variable $_SESSION in C:\Users\franc\PhpstormProjects\E-commerce\src\pdo\Helper.inc.php on line 20
[08-Mar-2023 15:57:21 UTC] PHP Stack trace:
[08-Mar-2023 15:57:21 UTC] PHP   1. {main}() C:\Users\franc\PhpstormProjects\E-commerce\src\list.php:0
[08-Mar-2023 15:57:21 UTC] PHP   2. searchContacts($db = class mysqli { public $affected_rows = -1; public $client_info = 'mysqlnd 8.2.0'; public $client_version = 80200; public $connect_errno = 0; public $connect_error = NULL; public $errno = 1064; public $error = 'You have an error in your SQL syntax; check the manual that corresponds to your MySQL server version for the right syntax to use near \'1\' at line 1'; public $error_list = [0 => [...]]; public $field_count = 0; public $host_info = 'localhost via TCP/IP'; public $info = NULL; public $insert_id = 0; public $server_info = '8.0.31'; public $server_version = 80031; public $sqlstate = '42000'; public $protocol_version = 10; public $thread_id = 436; public $warning_count = 0 }, $text = NULL) C:\Users\franc\PhpstormProjects\E-commerce\src\list.php:13
[08-Mar-2023 15:57:21 UTC] PHP   3. addErrorToLog($error = 'You have an error in your SQL syntax; check the manual that corresponds to your MySQL server version for the right syntax to use near \'1\' at line 1') C:\Users\franc\PhpstormProjects\E-commerce\src\mysqli\mysqli.php:146
[08-Mar-2023 15:57:21 UTC] PHP Fatal error:  Uncaught TypeError: array_key_exists(): Argument #2 ($array) must be of type array, null given in C:\Users\franc\PhpstormProjects\E-commerce\src\pdo\Helper.inc.php:20
Stack trace:
#0 C:\Users\franc\PhpstormProjects\E-commerce\src\mysqli\mysqli.php(146): addErrorToLog('You have an err...')
#1 C:\Users\franc\PhpstormProjects\E-commerce\src\list.php(13): searchContacts(Object(mysqli), NULL)
#2 {main}
  thrown in C:\Users\franc\PhpstormProjects\E-commerce\src\pdo\Helper.inc.php on line 20
[08-Mar-2023 16:25:13 UTC] PHP Warning:  Undefined global variable $_SESSION in C:\Users\franc\PhpstormProjects\E-commerce\src\pdo\Helper.inc.php on line 20
[08-Mar-2023 16:25:13 UTC] PHP Stack trace:
[08-Mar-2023 16:25:13 UTC] PHP   1. {main}() C:\Users\franc\PhpstormProjects\E-commerce\src\create.php:0
[08-Mar-2023 16:25:13 UTC] PHP   2. getInvalidFields($post = ['x-form' => 'contacts', 'name' => 'f', 'surname' => 'f', 'phone' => 'f', 'email' => 'f', 'company' => '', 'role' => '', 'birthdate' => '']) C:\Users\franc\PhpstormProjects\E-commerce\src\create.php:14
[08-Mar-2023 16:25:13 UTC] PHP   3. addErrorToLog($error = 'There are some invalid fields...') C:\Users\franc\PhpstormProjects\E-commerce\src\create.php:73
[08-Mar-2023 16:25:13 UTC] PHP Fatal error:  Uncaught TypeError: array_key_exists(): Argument #2 ($array) must be of type array, null given in C:\Users\franc\PhpstormProjects\E-commerce\src\pdo\Helper.inc.php:20
Stack trace:
#0 C:\Users\franc\PhpstormProjects\E-commerce\src\create.php(73): addErrorToLog('There are some ...')
#1 C:\Users\franc\PhpstormProjects\E-commerce\src\create.php(14): getInvalidFields(Array)
#2 {main}
  thrown in C:\Users\franc\PhpstormProjects\E-commerce\src\pdo\Helper.inc.php on line 20
[08-Mar-2023 16:26:02 UTC] PHP Warning:  Undefined global variable $_SESSION in C:\Users\franc\PhpstormProjects\E-commerce\src\pdo\Helper.inc.php on line 20
[08-Mar-2023 16:26:02 UTC] PHP Stack trace:
[08-Mar-2023 16:26:02 UTC] PHP   1. {main}() C:\Users\franc\PhpstormProjects\E-commerce\src\create.php:0
[08-Mar-2023 16:26:02 UTC] PHP   2. getInvalidFields($post = ['x-form' => 'contacts', 'name' => 'fg', 'surname' => 'f', 'phone' => '46346', 'email' => 'gf', 'company' => '', 'role' => '', 'birthdate' => '']) C:\Users\franc\PhpstormProjects\E-commerce\src\create.php:14
[08-Mar-2023 16:26:02 UTC] PHP   3. addErrorToLog($error = 'There are some invalid fields...') C:\Users\franc\PhpstormProjects\E-commerce\src\create.php:73
[08-Mar-2023 16:26:02 UTC] PHP Fatal error:  Uncaught TypeError: array_key_exists(): Argument #2 ($array) must be of type array, null given in C:\Users\franc\PhpstormProjects\E-commerce\src\pdo\Helper.inc.php:20
Stack trace:
#0 C:\Users\franc\PhpstormProjects\E-commerce\src\create.php(73): addErrorToLog('There are some ...')
#1 C:\Users\franc\PhpstormProjects\E-commerce\src\create.php(14): getInvalidFields(Array)
#2 {main}
  thrown in C:\Users\franc\PhpstormProjects\E-commerce\src\pdo\Helper.inc.php on line 20
[08-Mar-2023 16:30:29 UTC] PHP Warning:  Undefined global variable $_SESSION in C:\Users\franc\PhpstormProjects\E-commerce\src\pdo\Helper.inc.php on line 20
[08-Mar-2023 16:30:29 UTC] PHP Stack trace:
[08-Mar-2023 16:30:29 UTC] PHP   1. {main}() C:\Users\franc\PhpstormProjects\E-commerce\src\create.php:0
[08-Mar-2023 16:30:29 UTC] PHP   2. getInvalidFields($post = ['x-form' => 'contacts', 'name' => 't', 'surname' => 'f', 'phone' => '543543', 'email' => 'f', 'company' => '', 'role' => '', 'birthdate' => '']) C:\Users\franc\PhpstormProjects\E-commerce\src\create.php:14
[08-Mar-2023 16:30:29 UTC] PHP   3. addErrorToLog($error = 'There are some invalid fields...') C:\Users\franc\PhpstormProjects\E-commerce\src\create.php:73
[08-Mar-2023 16:30:29 UTC] PHP Fatal error:  Uncaught TypeError: array_key_exists(): Argument #2 ($array) must be of type array, null given in C:\Users\franc\PhpstormProjects\E-commerce\src\pdo\Helper.inc.php:20
Stack trace:
#0 C:\Users\franc\PhpstormProjects\E-commerce\src\create.php(73): addErrorToLog('There are some ...')
#1 C:\Users\franc\PhpstormProjects\E-commerce\src\create.php(14): getInvalidFields(Array)
#2 {main}
  thrown in C:\Users\franc\PhpstormProjects\E-commerce\src\pdo\Helper.inc.php on line 20
[08-Mar-2023 16:33:38 UTC] PHP Warning:  Undefined global variable $_SESSION in C:\Users\franc\PhpstormProjects\E-commerce\src\pdo\Helper.inc.php on line 20
[08-Mar-2023 16:33:38 UTC] PHP Stack trace:
[08-Mar-2023 16:33:38 UTC] PHP   1. {main}() C:\Users\franc\PhpstormProjects\E-commerce\src\create.php:0
[08-Mar-2023 16:33:38 UTC] PHP   2. getInvalidFields($post = ['x-form' => 'contacts', 'name' => 't', 'surname' => 'f', 'phone' => '543543', 'email' => 'f', 'company' => '', 'role' => '', 'birthdate' => '']) C:\Users\franc\PhpstormProjects\E-commerce\src\create.php:14
[08-Mar-2023 16:33:38 UTC] PHP   3. addErrorToLog($error = 'There are some invalid fields...') C:\Users\franc\PhpstormProjects\E-commerce\src\create.php:73
[08-Mar-2023 16:33:38 UTC] PHP Fatal error:  Uncaught TypeError: array_key_exists(): Argument #2 ($array) must be of type array, null given in C:\Users\franc\PhpstormProjects\E-commerce\src\pdo\Helper.inc.php:20
Stack trace:
#0 C:\Users\franc\PhpstormProjects\E-commerce\src\create.php(73): addErrorToLog('There are some ...')
#1 C:\Users\franc\PhpstormProjects\E-commerce\src\create.php(14): getInvalidFields(Array)
#2 {main}
  thrown in C:\Users\franc\PhpstormProjects\E-commerce\src\pdo\Helper.inc.php on line 20
[08-Mar-2023 16:36:05 UTC] PHP Warning:  Undefined global variable $_SESSION in C:\Users\franc\PhpstormProjects\E-commerce\src\pdo\helper.incc.php on line 57
[08-Mar-2023 16:36:05 UTC] PHP Stack trace:
[08-Mar-2023 16:36:05 UTC] PHP   1. {main}() C:\Users\franc\PhpstormProjects\E-commerce\src\create.php:0
[08-Mar-2023 16:36:05 UTC] PHP   2. getInvalidFields($post = ['x-form' => 'contacts', 'name' => 't', 'surname' => 'f', 'phone' => '543543', 'email' => 'f', 'company' => '', 'role' => '', 'birthdate' => '']) C:\Users\franc\PhpstormProjects\E-commerce\src\create.php:14
[08-Mar-2023 16:36:05 UTC] PHP   3. addErrorToLog($error = 'There are some invalid fields...') C:\Users\franc\PhpstormProjects\E-commerce\src\create.php:73
[08-Mar-2023 16:36:05 UTC] PHP Fatal error:  Uncaught TypeError: array_key_exists(): Argument #2 ($array) must be of type array, null given in C:\Users\franc\PhpstormProjects\E-commerce\src\pdo\helper.incc.php:57
Stack trace:
#0 C:\Users\franc\PhpstormProjects\E-commerce\src\create.php(73): addErrorToLog('There are some ...')
#1 C:\Users\franc\PhpstormProjects\E-commerce\src\create.php(14): getInvalidFields(Array)
#2 {main}
  thrown in C:\Users\franc\PhpstormProjects\E-commerce\src\pdo\helper.incc.php on line 57
[08-Mar-2023 16:36:10 UTC] PHP Warning:  Undefined global variable $_SESSION in C:\Users\franc\PhpstormProjects\E-commerce\src\pdo\helper.incc.php on line 57
[08-Mar-2023 16:36:10 UTC] PHP Stack trace:
[08-Mar-2023 16:36:10 UTC] PHP   1. {main}() C:\Users\franc\PhpstormProjects\E-commerce\src\create.php:0
[08-Mar-2023 16:36:10 UTC] PHP   2. getInvalidFields($post = ['x-form' => 'contacts', 'name' => 'e', 'surname' => 'd', 'phone' => 'd', 'email' => '354', 'company' => '', 'role' => '', 'birthdate' => '']) C:\Users\franc\PhpstormProjects\E-commerce\src\create.php:14
[08-Mar-2023 16:36:10 UTC] PHP   3. addErrorToLog($error = 'There are some invalid fields...') C:\Users\franc\PhpstormProjects\E-commerce\src\create.php:73
[08-Mar-2023 16:36:10 UTC] PHP Fatal error:  Uncaught TypeError: array_key_exists(): Argument #2 ($array) must be of type array, null given in C:\Users\franc\PhpstormProjects\E-commerce\src\pdo\helper.incc.php:57
Stack trace:
#0 C:\Users\franc\PhpstormProjects\E-commerce\src\create.php(73): addErrorToLog('There are some ...')
#1 C:\Users\franc\PhpstormProjects\E-commerce\src\create.php(14): getInvalidFields(Array)
#2 {main}
  thrown in C:\Users\franc\PhpstormProjects\E-commerce\src\pdo\helper.incc.php on line 57
[08-Mar-2023 16:38:37 UTC] PHP Warning:  Undefined global variable $_SESSION in C:\Users\franc\PhpstormProjects\E-commerce\src\pdo\Helper.inc.php on line 20
[08-Mar-2023 16:38:37 UTC] PHP Stack trace:
[08-Mar-2023 16:38:37 UTC] PHP   1. {main}() C:\Users\franc\PhpstormProjects\E-commerce\src\create.php:0
[08-Mar-2023 16:38:37 UTC] PHP   2. getInvalidFields($post = ['x-form' => 'contacts', 'name' => 't', 'surname' => 'f', 'phone' => '543543', 'email' => 'f', 'company' => '', 'role' => '', 'birthdate' => '']) C:\Users\franc\PhpstormProjects\E-commerce\src\create.php:14
[08-Mar-2023 16:38:37 UTC] PHP   3. addErrorToLog($error = 'There are some invalid fields...') C:\Users\franc\PhpstormProjects\E-commerce\src\create.php:73
[08-Mar-2023 16:38:37 UTC] PHP Fatal error:  Uncaught TypeError: array_key_exists(): Argument #2 ($array) must be of type array, null given in C:\Users\franc\PhpstormProjects\E-commerce\src\pdo\Helper.inc.php:20
Stack trace:
#0 C:\Users\franc\PhpstormProjects\E-commerce\src\create.php(73): addErrorToLog('There are some ...')
#1 C:\Users\franc\PhpstormProjects\E-commerce\src\create.php(14): getInvalidFields(Array)
#2 {main}
  thrown in C:\Users\franc\PhpstormProjects\E-commerce\src\pdo\Helper.inc.php on line 20
[08-Mar-2023 16:38:37 UTC] PHP Warning:  Undefined global variable $_SESSION in C:\Users\franc\PhpstormProjects\E-commerce\src\pdo\Helper.inc.php on line 20
[08-Mar-2023 16:38:37 UTC] PHP Stack trace:
[08-Mar-2023 16:38:37 UTC] PHP   1. {main}() C:\Users\franc\PhpstormProjects\E-commerce\src\create.php:0
[08-Mar-2023 16:38:37 UTC] PHP   2. getInvalidFields($post = ['x-form' => 'contacts', 'name' => 'e', 'surname' => 'd', 'phone' => 'd', 'email' => '354', 'company' => '', 'role' => '', 'birthdate' => '']) C:\Users\franc\PhpstormProjects\E-commerce\src\create.php:14
[08-Mar-2023 16:38:37 UTC] PHP   3. addErrorToLog($error = 'There are some invalid fields...') C:\Users\franc\PhpstormProjects\E-commerce\src\create.php:73
[08-Mar-2023 16:38:37 UTC] PHP Fatal error:  Uncaught TypeError: array_key_exists(): Argument #2 ($array) must be of type array, null given in C:\Users\franc\PhpstormProjects\E-commerce\src\pdo\Helper.inc.php:20
Stack trace:
#0 C:\Users\franc\PhpstormProjects\E-commerce\src\create.php(73): addErrorToLog('There are some ...')
#1 C:\Users\franc\PhpstormProjects\E-commerce\src\create.php(14): getInvalidFields(Array)
#2 {main}
  thrown in C:\Users\franc\PhpstormProjects\E-commerce\src\pdo\Helper.inc.php on line 20
[08-Mar-2023 16:40:26 UTC] PHP Warning:  Undefined global variable $_SESSION in C:\Users\franc\PhpstormProjects\E-commerce\src\pdo\Helper.inc.php on line 20
[08-Mar-2023 16:40:26 UTC] PHP Stack trace:
[08-Mar-2023 16:40:26 UTC] PHP   1. {main}() C:\Users\franc\PhpstormProjects\E-commerce\src\create.php:0
[08-Mar-2023 16:40:26 UTC] PHP   2. getInvalidFields($post = ['x-form' => 'contacts', 'name' => 'G', 'surname' => 'G', 'phone' => '45', 'email' => 'TRY', 'company' => '', 'role' => '', 'birthdate' => '']) C:\Users\franc\PhpstormProjects\E-commerce\src\create.php:14
[08-Mar-2023 16:40:26 UTC] PHP   3. addErrorToLog($error = 'There are some invalid fields...') C:\Users\franc\PhpstormProjects\E-commerce\src\create.php:73
[08-Mar-2023 16:40:26 UTC] PHP Fatal error:  Uncaught TypeError: array_key_exists(): Argument #2 ($array) must be of type array, null given in C:\Users\franc\PhpstormProjects\E-commerce\src\pdo\Helper.inc.php:20
Stack trace:
#0 C:\Users\franc\PhpstormProjects\E-commerce\src\create.php(73): addErrorToLog('There are some ...')
#1 C:\Users\franc\PhpstormProjects\E-commerce\src\create.php(14): getInvalidFields(Array)
#2 {main}
  thrown in C:\Users\franc\PhpstormProjects\E-commerce\src\pdo\Helper.inc.php on line 20
[08-Mar-2023 16:41:03 UTC] PHP Warning:  Undefined global variable $_SESSION in C:\Users\franc\PhpstormProjects\E-commerce\src\pdo\Helper.inc.php on line 20
[08-Mar-2023 16:41:03 UTC] PHP Stack trace:
[08-Mar-2023 16:41:03 UTC] PHP   1. {main}() C:\Users\franc\PhpstormProjects\E-commerce\src\create.php:0
[08-Mar-2023 16:41:03 UTC] PHP   2. getInvalidFields($post = ['x-form' => 'contacts', 'name' => 'B', 'surname' => 'B', 'phone' => 'B', 'email' => 'RET', 'company' => '', 'role' => '', 'birthdate' => '']) C:\Users\franc\PhpstormProjects\E-commerce\src\create.php:14
[08-Mar-2023 16:41:03 UTC] PHP   3. addErrorToLog($error = 'There are some invalid fields...') C:\Users\franc\PhpstormProjects\E-commerce\src\create.php:73
[08-Mar-2023 16:41:03 UTC] PHP Fatal error:  Uncaught TypeError: array_key_exists(): Argument #2 ($array) must be of type array, null given in C:\Users\franc\PhpstormProjects\E-commerce\src\pdo\Helper.inc.php:20
Stack trace:
#0 C:\Users\franc\PhpstormProjects\E-commerce\src\create.php(73): addErrorToLog('There are some ...')
#1 C:\Users\franc\PhpstormProjects\E-commerce\src\create.php(14): getInvalidFields(Array)
#2 {main}
  thrown in C:\Users\franc\PhpstormProjects\E-commerce\src\pdo\Helper.inc.php on line 20
[08-Mar-2023 16:41:28 UTC] PHP Fatal error:  Uncaught TypeError: addErrorToLog(): Argument #1 ($error) must be of type array, string given, called in C:\Users\franc\PhpstormProjects\E-commerce\src\create.php on line 73 and defined in C:\Users\franc\PhpstormProjects\E-commerce\src\pdo\Helper.inc.php:18
Stack trace:
#0 C:\Users\franc\PhpstormProjects\E-commerce\src\create.php(73): addErrorToLog('There are some ...')
#1 C:\Users\franc\PhpstormProjects\E-commerce\src\create.php(14): getInvalidFields(Array)
#2 {main}
  thrown in C:\Users\franc\PhpstormProjects\E-commerce\src\pdo\Helper.inc.php on line 18
[08-Mar-2023 16:41:56 UTC] PHP Warning:  Undefined global variable $_SESSION in C:\Users\franc\PhpstormProjects\E-commerce\src\pdo\Helper.inc.php on line 20
[08-Mar-2023 16:41:56 UTC] PHP Stack trace:
[08-Mar-2023 16:41:56 UTC] PHP   1. {main}() C:\Users\franc\PhpstormProjects\E-commerce\src\create.php:0
[08-Mar-2023 16:41:56 UTC] PHP   2. getInvalidFields($post = ['x-form' => 'contacts', 'name' => 'B', 'surname' => 'B', 'phone' => 'B', 'email' => 'RET', 'company' => '', 'role' => '', 'birthdate' => '']) C:\Users\franc\PhpstormProjects\E-commerce\src\create.php:14
[08-Mar-2023 16:41:56 UTC] PHP   3. addErrorToLog($error = 'There are some invalid fields...') C:\Users\franc\PhpstormProjects\E-commerce\src\create.php:73
[08-Mar-2023 16:41:56 UTC] PHP Fatal error:  Uncaught TypeError: array_key_exists(): Argument #2 ($array) must be of type array, null given in C:\Users\franc\PhpstormProjects\E-commerce\src\pdo\Helper.inc.php:20
Stack trace:
#0 C:\Users\franc\PhpstormProjects\E-commerce\src\create.php(73): addErrorToLog('There are some ...')
#1 C:\Users\franc\PhpstormProjects\E-commerce\src\create.php(14): getInvalidFields(Array)
#2 {main}
  thrown in C:\Users\franc\PhpstormProjects\E-commerce\src\pdo\Helper.inc.php on line 20
[09-Mar-2023 11:45:44 UTC] PHP Warning:  Undefined array key "userId" in C:\Users\franc\PhpstormProjects\E-commerce\src\view.php on line 13
[09-Mar-2023 11:45:44 UTC] PHP Stack trace:
[09-Mar-2023 11:45:44 UTC] PHP   1. {main}() C:\Users\franc\PhpstormProjects\E-commerce\src\view.php:0
[09-Mar-2023 11:45:44 UTC] PHP Fatal error:  Uncaught TypeError: getContact(): Argument #2 ($contactId) must be of type string, null given, called in C:\Users\franc\PhpstormProjects\E-commerce\src\view.php on line 17 and defined in C:\Users\franc\PhpstormProjects\E-commerce\src\mysqli\query.php:20
Stack trace:
#0 C:\Users\franc\PhpstormProjects\E-commerce\src\view.php(17): getContact(Object(mysqli), NULL)
#1 {main}
  thrown in C:\Users\franc\PhpstormProjects\E-commerce\src\mysqli\query.php on line 20
[09-Mar-2023 11:51:06 UTC] PHP Fatal error:  Cannot redeclare getContacts() (previously declared in C:\Users\franc\PhpstormProjects\E-commerce\src\mysqli\mysqli.php:150) in C:\Users\franc\PhpstormProjects\E-commerce\src\mysqli\query.php on line 3
[09-Mar-2023 11:51:06 UTC] PHP Stack trace:
[09-Mar-2023 11:51:06 UTC] PHP   1. {main}() C:\Users\franc\PhpstormProjects\E-commerce\src\view.php:0
[09-Mar-2023 11:51:45 UTC] PHP Warning:  Undefined array key "userId" in C:\Users\franc\PhpstormProjects\E-commerce\src\view.php on line 13
[09-Mar-2023 11:51:45 UTC] PHP Stack trace:
[09-Mar-2023 11:51:45 UTC] PHP   1. {main}() C:\Users\franc\PhpstormProjects\E-commerce\src\view.php:0
[09-Mar-2023 11:51:45 UTC] PHP Fatal error:  Uncaught TypeError: getContact(): Argument #2 ($contactId) must be of type string, null given, called in C:\Users\franc\PhpstormProjects\E-commerce\src\view.php on line 17 and defined in C:\Users\franc\PhpstormProjects\E-commerce\src\mysqli\query.php:3
Stack trace:
#0 C:\Users\franc\PhpstormProjects\E-commerce\src\view.php(17): getContact(Object(mysqli), NULL)
#1 {main}
  thrown in C:\Users\franc\PhpstormProjects\E-commerce\src\mysqli\query.php on line 3
[09-Mar-2023 11:59:31 UTC] PHP Warning:  Undefined array key "contactId" in C:\Users\franc\PhpstormProjects\E-commerce\src\view.php on line 13
[09-Mar-2023 11:59:31 UTC] PHP Stack trace:
[09-Mar-2023 11:59:31 UTC] PHP   1. {main}() C:\Users\franc\PhpstormProjects\E-commerce\src\view.php:0
[09-Mar-2023 11:59:31 UTC] PHP Fatal error:  Uncaught TypeError: getContact(): Argument #2 ($contactId) must be of type string, null given, called in C:\Users\franc\PhpstormProjects\E-commerce\src\view.php on line 17 and defined in C:\Users\franc\PhpstormProjects\E-commerce\src\mysqli\query.php:3
Stack trace:
#0 C:\Users\franc\PhpstormProjects\E-commerce\src\view.php(17): getContact(Object(mysqli), NULL)
#1 {main}
  thrown in C:\Users\franc\PhpstormProjects\E-commerce\src\mysqli\query.php on line 3
[09-Mar-2023 12:02:39 UTC] PHP Warning:  Undefined array key "contactId" in C:\Users\franc\PhpstormProjects\E-commerce\src\view.php on line 14
[09-Mar-2023 12:02:39 UTC] PHP Stack trace:
[09-Mar-2023 12:02:39 UTC] PHP   1. {main}() C:\Users\franc\PhpstormProjects\E-commerce\src\view.php:0
[09-Mar-2023 12:02:39 UTC] PHP Fatal error:  Uncaught TypeError: getContact(): Argument #2 ($contactId) must be of type string, null given, called in C:\Users\franc\PhpstormProjects\E-commerce\src\view.php on line 18 and defined in C:\Users\franc\PhpstormProjects\E-commerce\src\mysqli\query.php:3
Stack trace:
#0 C:\Users\franc\PhpstormProjects\E-commerce\src\view.php(18): getContact(Object(mysqli), NULL)
#1 {main}
  thrown in C:\Users\franc\PhpstormProjects\E-commerce\src\mysqli\query.php on line 3
[09-Mar-2023 12:03:10 UTC] PHP Warning:  Undefined array key "contactId" in C:\Users\franc\PhpstormProjects\E-commerce\src\view.php on line 15
[09-Mar-2023 12:03:10 UTC] PHP Stack trace:
[09-Mar-2023 12:03:10 UTC] PHP   1. {main}() C:\Users\franc\PhpstormProjects\E-commerce\src\view.php:0
[09-Mar-2023 12:03:10 UTC] PHP Fatal error:  Uncaught TypeError: getContact(): Argument #2 ($contactId) must be of type string, null given, called in C:\Users\franc\PhpstormProjects\E-commerce\src\view.php on line 19 and defined in C:\Users\franc\PhpstormProjects\E-commerce\src\mysqli\query.php:3
Stack trace:
#0 C:\Users\franc\PhpstormProjects\E-commerce\src\view.php(19): getContact(Object(mysqli), NULL)
#1 {main}
  thrown in C:\Users\franc\PhpstormProjects\E-commerce\src\mysqli\query.php on line 3
[09-Mar-2023 12:04:31 UTC] PHP Warning:  Undefined array key "contactId" in C:\Users\franc\PhpstormProjects\E-commerce\src\view.php on line 14
[09-Mar-2023 12:04:31 UTC] PHP Stack trace:
[09-Mar-2023 12:04:31 UTC] PHP   1. {main}() C:\Users\franc\PhpstormProjects\E-commerce\src\view.php:0
[09-Mar-2023 12:04:31 UTC] PHP Fatal error:  Uncaught TypeError: getContact(): Argument #2 ($contactId) must be of type string, null given, called in C:\Users\franc\PhpstormProjects\E-commerce\src\view.php on line 18 and defined in C:\Users\franc\PhpstormProjects\E-commerce\src\mysqli\query.php:3
Stack trace:
#0 C:\Users\franc\PhpstormProjects\E-commerce\src\view.php(18): getContact(Object(mysqli), NULL)
#1 {main}
  thrown in C:\Users\franc\PhpstormProjects\E-commerce\src\mysqli\query.php on line 3
[09-Mar-2023 13:00:22 UTC] PHP Warning:  Undefined array key "contactId" in C:\Users\franc\PhpstormProjects\E-commerce\src\view.php on line 18
[09-Mar-2023 13:00:22 UTC] PHP Stack trace:
[09-Mar-2023 13:00:22 UTC] PHP   1. {main}() C:\Users\franc\PhpstormProjects\E-commerce\src\view.php:0
[09-Mar-2023 13:00:22 UTC] PHP Fatal error:  Uncaught TypeError: getContact(): Argument #2 ($contactId) must be of type string, null given, called in C:\Users\franc\PhpstormProjects\E-commerce\src\view.php on line 22 and defined in C:\Users\franc\PhpstormProjects\E-commerce\src\mysqli\query.php:3
Stack trace:
#0 C:\Users\franc\PhpstormProjects\E-commerce\src\view.php(22): getContact(Object(mysqli), NULL)
#1 {main}
  thrown in C:\Users\franc\PhpstormProjects\E-commerce\src\mysqli\query.php on line 3
[09-Mar-2023 13:37:05 UTC] PHP Fatal error:  Uncaught TypeError: deleteContact(): Return value must be of type bool, none returned in C:\Users\franc\PhpstormProjects\E-commerce\src\mysqli\mysqli.php:63
Stack trace:
#0 C:\Users\franc\PhpstormProjects\E-commerce\src\view.php(16): deleteContact(Object(mysqli), '5')
#1 {main}
  thrown in C:\Users\franc\PhpstormProjects\E-commerce\src\mysqli\mysqli.php on line 63
